[debug] [2022-06-05T09:56:24.666Z] ----------------------------------------------------------------------
[debug] [2022-06-05T09:56:24.668Z] Command:       C:\Program Files\nodejs\node.exe C:\Users\HP\AppData\Roaming\npm\node_modules\firebase-tools\lib\bin\firebase.js init
[debug] [2022-06-05T09:56:24.669Z] CLI Version:   11.0.1
[debug] [2022-06-05T09:56:24.669Z] Platform:      win32
[debug] [2022-06-05T09:56:24.669Z] Node Version:  v16.13.1
[debug] [2022-06-05T09:56:24.670Z] Time:          Sun Jun 05 2022 11:56:24 GMT+0200 (heure d’été d’Europe centrale)
[debug] [2022-06-05T09:56:24.670Z] ----------------------------------------------------------------------
[debug] 
[debug] [2022-06-05T09:56:24.747Z] > command requires scopes: ["email","openid","https://www.googleapis.com/auth/cloudplatformprojects.readonly","https://www.googleapis.com/auth/firebase","https://www.googleapis.com/auth/cloud-platform"]
[debug] [2022-06-05T09:56:24.748Z] > authorizing via signed-in user (quarkend@gmail.com)
[info] 
     ######## #### ########  ######## ########     ###     ######  ########
     ##        ##  ##     ## ##       ##     ##  ##   ##  ##       ##
     ######    ##  ########  ######   ########  #########  ######  ######
     ##        ##  ##    ##  ##       ##     ## ##     ##       ## ##
     ##       #### ##     ## ######## ########  ##     ##  ######  ########

You're about to initialize a Firebase project in this directory:

  C:\Users\HP\Documents\GitHub\backend

Before we get started, keep in mind:

  * You are initializing within an existing Firebase project directory

[info] 
=== Project Setup
[info] 
[info] First, let's associate this project directory with a Firebase project.
[info] You can create multiple project aliases by running firebase use --add, 
[info] but for now we'll just set up a default project.
[info] 
[debug] [2022-06-05T10:00:36.749Z] Using project from CLI flag: bakendgr
[debug] [2022-06-05T10:00:36.752Z] >>> [apiv2][query] GET https://firebase.googleapis.com/v1beta1/projects/bakendgr [none]
[debug] [2022-06-05T10:00:36.997Z] <<< [apiv2][status] GET https://firebase.googleapis.com/v1beta1/projects/bakendgr 200
[debug] [2022-06-05T10:00:36.997Z] <<< [apiv2][body] GET https://firebase.googleapis.com/v1beta1/projects/bakendgr {"projectId":"bakendgr","projectNumber":"528936704900","displayName":"bakendgr","name":"projects/bakendgr","resources":{"hostingSite":"bakendgr"},"state":"ACTIVE"}
[info] i  Using project bakendgr (bakendgr) 
[info] 
=== Hosting Setup
[info] 
[info] Your public directory is the folder (relative to your project directory) that
[info] will contain Hosting assets to be uploaded with firebase deploy. If you
[info] have a build process for your assets, use your build's output directory.
[info] 
[debug] [2022-06-05T10:00:47.588Z] >>> [apiv2][query] GET https://www.gstatic.com/firebasejs/releases.json [none]
[debug] [2022-06-05T10:00:47.623Z] <<< [apiv2][status] GET https://www.gstatic.com/firebasejs/releases.json 200
[debug] [2022-06-05T10:00:47.623Z] <<< [apiv2][body] GET https://www.gstatic.com/firebasejs/releases.json {"current":{"version":"9.8.2","browserURL":"https://www.gstatic.com/firebasejs/9.8.2/firebase.js","packageURL":"https://www.gstatic.com/firebasejs/9.8.2/firebase.tgz"},"live":{"version":"9.8","browserURL":"https://www.gstatic.com/firebasejs/live/9.8/firebase.js","packageURL":"https://www.gstatic.com/firebasejs/live/9.8/firebase.tgz"},"components":{"analytics":"https://www.gstatic.com/firebasejs/9.8.2/firebase-analytics.js","app":"https://www.gstatic.com/firebasejs/9.8.2/firebase-app.js","app-check":"https://www.gstatic.com/firebasejs/9.8.2/firebase-app-check.js","auth":"https://www.gstatic.com/firebasejs/9.8.2/firebase-auth.js","auth/cordova":"https://www.gstatic.com/firebasejs/9.8.2/firebase-auth/cordova.js","auth/react-native":"https://www.gstatic.com/firebasejs/9.8.2/firebase-auth/react-native.js","functions":"https://www.gstatic.com/firebasejs/9.8.2/firebase-functions.js","firestore":"https://www.gstatic.com/firebasejs/9.8.2/firebase-firestore.js","firestore/lite":"https://www.gstatic.com/firebasejs/9.8.2/firebase-firestore/lite.js","storage":"https://www.gstatic.com/firebasejs/9.8.2/firebase-storage.js","performance":"https://www.gstatic.com/firebasejs/9.8.2/firebase-performance.js","remote-config":"https://www.gstatic.com/firebasejs/9.8.2/firebase-remote-config.js","messaging":"https://www.gstatic.com/firebasejs/9.8.2/firebase-messaging.js","messaging/sw":"https://www.gstatic.com/firebasejs/9.8.2/firebase-messaging/sw.js","database":"https://www.gstatic.com/firebasejs/9.8.2/firebase-database.js","firestore.memory":"https://www.gstatic.com/firebasejs/9.8.2/firebase-firestore.memory.js"}}
[info] +  Wrote y/index.html 
[info] 
[info] i  Detected a .git folder at C:\Users\HP\Documents\GitHub\backend 
[info] i  Authorizing with GitHub to upload your service account to a GitHub repository's secrets store. 
[info] 
[info] Visit this URL on this device to log in:
[info] https://github.com/login/oauth/authorize?client_id=89cf50f02ac6aaed3484&state=1020794008&redirect_uri=http%3A%2F%2Flocalhost%3A9005&scope=read%3Auser%20repo%20public_repo
[info] 
[info] Waiting for authentication...
[debug] [2022-06-05T10:00:55.959Z] >>> HTTP REQUEST POST https://github.com/login/oauth/access_token  
 {"client_id":"89cf50f02ac6aaed3484","client_secret":"3330d14abc895d9a74d5f17cd7a00711fa2c5bf0","code":"3ee325ae10effb194cbf","redirect_uri":"http://localhost:9005","state":"1020794008"}
[debug] [2022-06-05T10:00:56.193Z] <<< HTTP RESPONSE 200 {"server":"GitHub.com","date":"Sun, 05 Jun 2022 10:00:56 GMT","content-type":"application/json; charset=utf-8","transfer-encoding":"chunked","vary":"X-PJAX, X-PJAX-Container, Turbo-Visit, Turbo-Frame, Accept-Encoding, Accept, X-Requested-With","permissions-policy":"interest-cohort=()","etag":"W/\"06ed509338cd66ca9e614fe5d8f2d71d\"","cache-control":"max-age=0, private, must-revalidate","strict-transport-security":"max-age=31536000; includeSubdomains; preload","x-frame-options":"deny","x-content-type-options":"nosniff","x-xss-protection":"0","referrer-policy":"origin-when-cross-origin, strict-origin-when-cross-origin","expect-ct":"max-age=2592000, report-uri=\"https://api.github.com/_private/browser/errors\"","content-security-policy":"default-src 'none'; base-uri 'self'; block-all-mixed-content; child-src github.com/assets-cdn/worker/ gist.github.com/assets-cdn/worker/; connect-src 'self' uploads.github.com objects-origin.githubusercontent.com www.githubstatus.com collector.github.com raw.githubusercontent.com api.github.com github-cloud.s3.amazonaws.com github-production-repository-file-5c1aeb.s3.amazonaws.com github-production-upload-manifest-file-7fdce7.s3.amazonaws.com github-production-user-asset-6210df.s3.amazonaws.com cdn.optimizely.com logx.optimizely.com/v1/events *.actions.githubusercontent.com wss://*.actions.githubusercontent.com online.visualstudio.com/api/v1/locations github-production-repository-image-32fea6.s3.amazonaws.com github-production-release-asset-2e65be.s3.amazonaws.com insights.github.com wss://alive.github.com; font-src github.githubassets.com; form-action 'self' github.com gist.github.com objects-origin.githubusercontent.com; frame-ancestors 'none'; frame-src render.githubusercontent.com viewscreen.githubusercontent.com notebooks.githubusercontent.com; img-src 'self' data: github.githubassets.com identicons.github.com github-cloud.s3.amazonaws.com secured-user-images.githubusercontent.com/ github-production-user-asset-6210df.s3.amazonaws.com *.githubusercontent.com; manifest-src 'self'; media-src github.com user-images.githubusercontent.com/; script-src github.githubassets.com; style-src 'unsafe-inline' github.githubassets.com; worker-src github.com/assets-cdn/worker/ gist.github.com/assets-cdn/worker/","x-github-request-id":"CB10:0F3C:219DFE5:2481D5E:629C7ED8"}
[debug] [2022-06-05T10:00:56.197Z] >>> [apiv2][query] GET https://api.github.com/user [none]
[debug] [2022-06-05T10:00:56.413Z] <<< [apiv2][status] GET https://api.github.com/user 200
[debug] [2022-06-05T10:00:56.413Z] <<< [apiv2][body] GET https://api.github.com/user {"login":"quarkend","id":39971072,"node_id":"MDQ6VXNlcjM5OTcxMDcy","avatar_url":"https://avatars.githubusercontent.com/u/39971072?v=4","gravatar_id":"","url":"https://api.github.com/users/quarkend","html_url":"https://github.com/quarkend","followers_url":"https://api.github.com/users/quarkend/followers","following_url":"https://api.github.com/users/quarkend/following{/other_user}","gists_url":"https://api.github.com/users/quarkend/gists{/gist_id}","starred_url":"https://api.github.com/users/quarkend/starred{/owner}{/repo}","subscriptions_url":"https://api.github.com/users/quarkend/subscriptions","organizations_url":"https://api.github.com/users/quarkend/orgs","repos_url":"https://api.github.com/users/quarkend/repos","events_url":"https://api.github.com/users/quarkend/events{/privacy}","received_events_url":"https://api.github.com/users/quarkend/received_events","type":"User","site_admin":false,"name":"HINAFI MOHAMMED","company":null,"blog":"","location":null,"email":null,"hireable":null,"bio":null,"twitter_username":"HinafiM","public_repos":19,"public_gists":0,"followers":0,"following":1,"created_at":"2018-06-05T22:02:14Z","updated_at":"2022-06-02T18:27:31Z","private_gists":0,"total_private_repos":3,"owned_private_repos":3,"disk_usage":46618,"collaborators":0,"two_factor_authentication":false,"plan":{"name":"free","space":976562499,"collaborators":0,"private_repos":10000}}
[info] 
[info] +  Success! Logged into GitHub as quarkend 
[info] 
[debug] [2022-06-05T10:01:20.540Z] >>> [apiv2][query] GET https://api.github.com/repos//actions/secrets/public-key type=owner
[debug] [2022-06-05T10:01:20.704Z] <<< [apiv2][status] GET https://api.github.com/repos//actions/secrets/public-key 404
[debug] [2022-06-05T10:01:20.704Z] <<< [apiv2][body] GET https://api.github.com/repos//actions/secrets/public-key {"message":"Not Found","documentation_url":"https://docs.github.com/rest"}
[debug] [2022-06-05T10:01:29.011Z] >>> [apiv2][query] GET https://api.github.com/repos/y/actions/secrets/public-key type=owner
[debug] [2022-06-05T10:01:29.193Z] <<< [apiv2][status] GET https://api.github.com/repos/y/actions/secrets/public-key 404
[debug] [2022-06-05T10:01:29.193Z] <<< [apiv2][body] GET https://api.github.com/repos/y/actions/secrets/public-key {"message":"Not Found","documentation_url":"https://docs.github.com/rest"}
[debug] [2022-06-05T10:01:30.123Z] >>> [apiv2][query] GET https://api.github.com/repos/y/actions/secrets/public-key type=owner
[debug] [2022-06-05T10:01:30.292Z] <<< [apiv2][status] GET https://api.github.com/repos/y/actions/secrets/public-key 404
[debug] [2022-06-05T10:01:30.292Z] <<< [apiv2][body] GET https://api.github.com/repos/y/actions/secrets/public-key {"message":"Not Found","documentation_url":"https://docs.github.com/rest"}
[debug] [2022-06-05T10:01:31.211Z] >>> [apiv2][query] GET https://api.github.com/repos//actions/secrets/public-key type=owner
[debug] [2022-06-05T10:01:31.379Z] >>> [apiv2][query] GET https://api.github.com/repos//actions/secrets/public-key type=owner
[debug] [2022-06-05T10:01:31.383Z] <<< [apiv2][status] GET https://api.github.com/repos//actions/secrets/public-key 404
[debug] [2022-06-05T10:01:31.383Z] <<< [apiv2][body] GET https://api.github.com/repos//actions/secrets/public-key {"message":"Not Found","documentation_url":"https://docs.github.com/rest"}
[debug] [2022-06-05T10:01:31.548Z] <<< [apiv2][status] GET https://api.github.com/repos//actions/secrets/public-key 404
[debug] [2022-06-05T10:01:31.548Z] <<< [apiv2][body] GET https://api.github.com/repos//actions/secrets/public-key {"message":"Not Found","documentation_url":"https://docs.github.com/rest"}
[debug] [2022-06-05T10:01:34.178Z] >>> [apiv2][query] GET https://api.github.com/repos/y  /actions/secrets/public-key type=owner
[debug] [2022-06-05T10:01:34.352Z] <<< [apiv2][status] GET https://api.github.com/repos/y  /actions/secrets/public-key 404
[debug] [2022-06-05T10:01:34.353Z] <<< [apiv2][body] GET https://api.github.com/repos/y  /actions/secrets/public-key {"message":"Not Found","documentation_url":"https://docs.github.com/rest"}
[debug] [2022-06-05T10:01:34.803Z] >>> [apiv2][query] GET https://api.github.com/repos/y   /actions/secrets/public-key type=owner
[debug] [2022-06-05T10:01:34.975Z] <<< [apiv2][status] GET https://api.github.com/repos/y   /actions/secrets/public-key 404
[debug] [2022-06-05T10:01:34.975Z] <<< [apiv2][body] GET https://api.github.com/repos/y   /actions/secrets/public-key {"message":"Not Found","documentation_url":"https://docs.github.com/rest"}
[debug] [2022-06-05T10:07:09.358Z] >>> [apiv2][query] GET https://api.github.com/repos//actions/secrets/public-key type=owner
[debug] [2022-06-05T10:07:09.529Z] <<< [apiv2][status] GET https://api.github.com/repos//actions/secrets/public-key 404
[debug] [2022-06-05T10:07:09.529Z] <<< [apiv2][body] GET https://api.github.com/repos//actions/secrets/public-key {"message":"Not Found","documentation_url":"https://docs.github.com/rest"}
[debug] [2022-06-05T10:07:12.646Z] >>> [apiv2][query] GET https://api.github.com/repos/n/actions/secrets/public-key type=owner
[debug] [2022-06-05T10:07:12.819Z] <<< [apiv2][status] GET https://api.github.com/repos/n/actions/secrets/public-key 404
[debug] [2022-06-05T10:07:12.819Z] <<< [apiv2][body] GET https://api.github.com/repos/n/actions/secrets/public-key {"message":"Not Found","documentation_url":"https://docs.github.com/rest"}
[debug] [2022-06-05T10:07:17.358Z] >>> [apiv2][query] GET https://api.github.com/repos/exitr/actions/secrets/public-key type=owner
[debug] [2022-06-05T10:07:17.534Z] <<< [apiv2][status] GET https://api.github.com/repos/exitr/actions/secrets/public-key 404
[debug] [2022-06-05T10:07:17.534Z] <<< [apiv2][body] GET https://api.github.com/repos/exitr/actions/secrets/public-key {"message":"Not Found","documentation_url":"https://docs.github.com/rest"}
[debug] [2022-06-05T10:07:19.206Z] >>> [apiv2][query] GET https://api.github.com/repos/exit/actions/secrets/public-key type=owner
[debug] [2022-06-05T10:07:19.386Z] <<< [apiv2][status] GET https://api.github.com/repos/exit/actions/secrets/public-key 404
[debug] [2022-06-05T10:07:19.387Z] <<< [apiv2][body] GET https://api.github.com/repos/exit/actions/secrets/public-key {"message":"Not Found","documentation_url":"https://docs.github.com/rest"}
[debug] [2022-06-05T10:07:20.038Z] >>> [apiv2][query] GET https://api.github.com/repos/exit/actions/secrets/public-key type=owner
[debug] [2022-06-05T10:07:20.210Z] <<< [apiv2][status] GET https://api.github.com/repos/exit/actions/secrets/public-key 404
[debug] [2022-06-05T10:07:20.210Z] <<< [apiv2][body] GET https://api.github.com/repos/exit/actions/secrets/public-key {"message":"Not Found","documentation_url":"https://docs.github.com/rest"}
[debug] [2022-06-05T10:07:20.974Z] >>> [apiv2][query] GET https://api.github.com/repos/exit/actions/secrets/public-key type=owner
[debug] [2022-06-05T10:07:21.201Z] <<< [apiv2][status] GET https://api.github.com/repos/exit/actions/secrets/public-key 404
[debug] [2022-06-05T10:07:21.201Z] <<< [apiv2][body] GET https://api.github.com/repos/exit/actions/secrets/public-key {"message":"Not Found","documentation_url":"https://docs.github.com/rest"}
[debug] [2022-06-05T10:08:57.397Z] >>> [apiv2][query] GET https://api.github.com/repos/firebase deploy/actions/secrets/public-key type=owner
[debug] [2022-06-05T10:08:57.571Z] <<< [apiv2][status] GET https://api.github.com/repos/firebase deploy/actions/secrets/public-key 404
[debug] [2022-06-05T10:08:57.571Z] <<< [apiv2][body] GET https://api.github.com/repos/firebase deploy/actions/secrets/public-key {"message":"Not Found","documentation_url":"https://docs.github.com/rest"}
[debug] [2022-06-05T10:08:58.270Z] >>> [apiv2][query] GET https://api.github.com/repos/firebase deploy/actions/secrets/public-key type=owner
[debug] [2022-06-05T10:08:58.442Z] <<< [apiv2][status] GET https://api.github.com/repos/firebase deploy/actions/secrets/public-key 404
[debug] [2022-06-05T10:08:58.443Z] <<< [apiv2][body] GET https://api.github.com/repos/firebase deploy/actions/secrets/public-key {"message":"Not Found","documentation_url":"https://docs.github.com/rest"}
